[debug] [2020-05-07T05:35:18.037Z] ----------------------------------------------------------------------
[debug] [2020-05-07T05:35:18.038Z] Command:       /home/oleg/.nvm/versions/node/v13.7.0/bin/node /home/oleg/.nvm/versions/node/v13.7.0/bin/firebase init
[debug] [2020-05-07T05:35:18.038Z] CLI Version:   7.13.1
[debug] [2020-05-07T05:35:18.038Z] Platform:      linux
[debug] [2020-05-07T05:35:18.038Z] Node Version:  v13.7.0
[debug] [2020-05-07T05:35:18.038Z] Time:          Thu May 07 2020 08:35:18 GMT+0300 (Москва, стандартное время)
[debug] [2020-05-07T05:35:18.039Z] ----------------------------------------------------------------------
[debug] [2020-05-07T05:35:18.039Z] 
[debug] [2020-05-07T05:35:18.044Z] > command requires scopes: ["email","openid","https://www.googleapis.com/auth/cloudplatformprojects.readonly","https://www.googleapis.com/auth/firebase","https://www.googleapis.com/auth/cloud-platform"]
[debug] [2020-05-07T05:35:18.044Z] > authorizing via signed-in user
[info] 
     ######## #### ########  ######## ########     ###     ######  ########
     ##        ##  ##     ## ##       ##     ##  ##   ##  ##       ##
     ######    ##  ########  ######   ########  #########  ######  ######
     ##        ##  ##    ##  ##       ##     ## ##     ##       ## ##
     ##       #### ##     ## ######## ########  ##     ##  ######  ########

You're about to initialize a Firebase project in this directory:

  /home/oleg/Рабочий стол/project/WaterButton

[info] 
=== Project Setup
[info] 
[info] First, let's associate this project directory with a Firebase project.
[info] You can create multiple project aliases by running firebase use --add, 
[info] but for now we'll just set up a default project.
[info] 
[info] i  If you want to create a project in a Google Cloud organization or folder, please use "firebase projects:create" instead, and return to this command when you've created the project.
[debug] [2020-05-07T05:35:57.148Z] > refreshing access token with scopes: ["email","https://www.googleapis.com/auth/cloud-platform","https://www.googleapis.com/auth/cloudplatformprojects.readonly","https://www.googleapis.com/auth/firebase","openid"]
[debug] [2020-05-07T05:35:57.149Z] >>> HTTP REQUEST POST https://www.googleapis.com/oauth2/v3/token  
 <request body omitted>
[debug] [2020-05-07T05:35:57.255Z] <<< HTTP RESPONSE 200
[debug] [2020-05-07T05:35:57.303Z] >>> HTTP REQUEST POST https://cloudresourcemanager.googleapis.com/v1/projects  

[debug] [2020-05-07T05:35:58.366Z] <<< HTTP RESPONSE 400
[debug] [2020-05-07T05:35:58.367Z] <<< HTTP RESPONSE BODY
[debug] [2020-05-07T05:35:58.370Z] HTTP Error: 400, field [project_id] has issue [project_id contains invalid characters]
[debug] [2020-05-07T05:35:58.460Z] FirebaseError: HTTP Error: 400, field [project_id] has issue [project_id contains invalid characters]
    at module.exports (/home/oleg/.nvm/versions/node/v13.7.0/lib/node_modules/firebase-tools/lib/responseToError.js:38:12)
    at Request._callback (/home/oleg/.nvm/versions/node/v13.7.0/lib/node_modules/firebase-tools/lib/api.js:39:35)
    at Request.self.callback (/home/oleg/.nvm/versions/node/v13.7.0/lib/node_modules/firebase-tools/node_modules/request/request.js:185:22)
    at Request.emit (events.js:321:20)
    at Request.EventEmitter.emit (domain.js:485:12)
    at Request.<anonymous> (/home/oleg/.nvm/versions/node/v13.7.0/lib/node_modules/firebase-tools/node_modules/request/request.js:1154:10)
    at Request.emit (events.js:321:20)
    at Request.EventEmitter.emit (domain.js:485:12)
    at IncomingMessage.<anonymous> (/home/oleg/.nvm/versions/node/v13.7.0/lib/node_modules/firebase-tools/node_modules/request/request.js:1076:12)
    at Object.onceWrapper (events.js:427:28)
    at IncomingMessage.emit (events.js:333:22)
    at IncomingMessage.EventEmitter.emit (domain.js:485:12)
    at endReadableNT (_stream_readable.js:1201:12)
    at processTicksAndRejections (internal/process/task_queues.js:84:21)
[error] 
[error] Error: Failed to create Google Cloud project. See firebase-debug.log for more info.
